DEBUG:root:Created log file: logs/log_2020-08-09-09-15-09.log
INFO:root:Initialising Game...
DEBUG:root:Settings Loaded:
- Terms Accepted: True
- Music Volume: 0.5
- Sound Effect Volume: 0.5
- Fullscreen: False
DEBUG:root:Ad Files Initialised: 9
DEBUG:root:Initialised Ad File: koponen_talk_bc_8.png
DEBUG:root:Initialised Ad File: koponen_talk_bc_6.png
DEBUG:root:Initialised Ad File: koponen_talk_bc_5.png
DEBUG:root:Initialised Ad File: koponen_talk_bc_4.png
DEBUG:root:Initialised Ad File: koponen_talk_bc_7.png
DEBUG:root:Initialised Ad File: koponen_talk_bc_3.png
DEBUG:root:Initialised Ad File: koponen_talk_bc_2.png
DEBUG:root:Initialised Ad File: koponen_talk_bc_0.png
DEBUG:root:Initialised Ad File: koponen_talk_bc_1.png
DEBUG:root:Animation Images Initialised: 10
DEBUG:root:Initialised Animation Image: <Surface(58x52x32 SW)>
DEBUG:root:Initialised Animation Image: <Surface(58x52x32 SW)>
DEBUG:root:Initialised Animation Image: <Surface(58x52x32 SW)>
DEBUG:root:Initialised Animation Image: <Surface(58x52x32 SW)>
DEBUG:root:Initialised Animation Image: <Surface(58x52x32 SW)>
DEBUG:root:Initialised Animation Image: <Surface(58x52x32 SW)>
DEBUG:root:Initialised Animation Image: <Surface(58x52x32 SW)>
DEBUG:root:Initialised Animation Image: <Surface(58x52x32 SW)>
DEBUG:root:Initialised Animation Image: <Surface(58x52x32 SW)>
DEBUG:root:Initialised Animation Image: <Surface(58x52x32 SW)>
DEBUG:root:Animation Images Initialised: 18
DEBUG:root:Initialised Animation Image: <Surface(27x33x32 SW)>
DEBUG:root:Initialised Animation Image: <Surface(27x33x32 SW)>
DEBUG:root:Initialised Animation Image: <Surface(27x33x32 SW)>
DEBUG:root:Initialised Animation Image: <Surface(27x33x32 SW)>
DEBUG:root:Initialised Animation Image: <Surface(27x33x32 SW)>
DEBUG:root:Initialised Animation Image: <Surface(27x33x32 SW)>
DEBUG:root:Initialised Animation Image: <Surface(27x33x32 SW)>
DEBUG:root:Initialised Animation Image: <Surface(27x33x32 SW)>
DEBUG:root:Initialised Animation Image: <Surface(27x33x32 SW)>
DEBUG:root:Initialised Animation Image: <Surface(27x33x32 SW)>
DEBUG:root:Initialised Animation Image: <Surface(27x33x32 SW)>
DEBUG:root:Initialised Animation Image: <Surface(27x33x32 SW)>
DEBUG:root:Initialised Animation Image: <Surface(27x33x32 SW)>
DEBUG:root:Initialised Animation Image: <Surface(27x33x32 SW)>
DEBUG:root:Initialised Animation Image: <Surface(27x33x32 SW)>
DEBUG:root:Initialised Animation Image: <Surface(27x33x32 SW)>
DEBUG:root:Initialised Animation Image: <Surface(27x33x32 SW)>
DEBUG:root:Initialised Animation Image: <Surface(27x33x32 SW)>
DEBUG:root:Animation Images Initialised: 18
DEBUG:root:Initialised Animation Image: <Surface(25x28x32 SW)>
DEBUG:root:Initialised Animation Image: <Surface(25x28x32 SW)>
DEBUG:root:Initialised Animation Image: <Surface(25x28x32 SW)>
DEBUG:root:Initialised Animation Image: <Surface(25x28x32 SW)>
DEBUG:root:Initialised Animation Image: <Surface(25x28x32 SW)>
DEBUG:root:Initialised Animation Image: <Surface(25x28x32 SW)>
DEBUG:root:Initialised Animation Image: <Surface(25x28x32 SW)>
DEBUG:root:Initialised Animation Image: <Surface(25x28x32 SW)>
DEBUG:root:Initialised Animation Image: <Surface(25x28x32 SW)>
DEBUG:root:Initialised Animation Image: <Surface(25x28x32 SW)>
DEBUG:root:Initialised Animation Image: <Surface(25x28x32 SW)>
DEBUG:root:Initialised Animation Image: <Surface(25x28x32 SW)>
DEBUG:root:Initialised Animation Image: <Surface(25x28x32 SW)>
DEBUG:root:Initialised Animation Image: <Surface(25x28x32 SW)>
DEBUG:root:Initialised Animation Image: <Surface(25x28x32 SW)>
DEBUG:root:Initialised Animation Image: <Surface(25x28x32 SW)>
DEBUG:root:Initialised Animation Image: <Surface(25x28x32 SW)>
DEBUG:root:Initialised Animation Image: <Surface(25x28x32 SW)>
DEBUG:root:Animation Images Initialised: 20
DEBUG:root:Initialised Animation Image: <Surface(47x84x32 SW)>
DEBUG:root:Initialised Animation Image: <Surface(47x84x32 SW)>
DEBUG:root:Initialised Animation Image: <Surface(47x84x32 SW)>
DEBUG:root:Initialised Animation Image: <Surface(47x84x32 SW)>
DEBUG:root:Initialised Animation Image: <Surface(47x84x32 SW)>
DEBUG:root:Initialised Animation Image: <Surface(47x84x32 SW)>
DEBUG:root:Initialised Animation Image: <Surface(47x84x32 SW)>
DEBUG:root:Initialised Animation Image: <Surface(47x84x32 SW)>
DEBUG:root:Initialised Animation Image: <Surface(47x84x32 SW)>
DEBUG:root:Initialised Animation Image: <Surface(47x84x32 SW)>
DEBUG:root:Initialised Animation Image: <Surface(47x84x32 SW)>
DEBUG:root:Initialised Animation Image: <Surface(47x84x32 SW)>
DEBUG:root:Initialised Animation Image: <Surface(47x84x32 SW)>
DEBUG:root:Initialised Animation Image: <Surface(47x84x32 SW)>
DEBUG:root:Initialised Animation Image: <Surface(47x84x32 SW)>
DEBUG:root:Initialised Animation Image: <Surface(47x84x32 SW)>
DEBUG:root:Initialised Animation Image: <Surface(47x84x32 SW)>
DEBUG:root:Initialised Animation Image: <Surface(47x84x32 SW)>
DEBUG:root:Initialised Animation Image: <Surface(47x84x32 SW)>
DEBUG:root:Initialised Animation Image: <Surface(47x84x32 SW)>
DEBUG:root:Animation Images Initialised: 35
DEBUG:root:Initialised Animation Image: <Surface(113x70x32 SW)>
DEBUG:root:Initialised Animation Image: <Surface(113x70x32 SW)>
DEBUG:root:Initialised Animation Image: <Surface(113x70x32 SW)>
DEBUG:root:Initialised Animation Image: <Surface(113x70x32 SW)>
DEBUG:root:Initialised Animation Image: <Surface(113x70x32 SW)>
DEBUG:root:Initialised Animation Image: <Surface(118x70x32 SW)>
DEBUG:root:Initialised Animation Image: <Surface(118x70x32 SW)>
DEBUG:root:Initialised Animation Image: <Surface(118x70x32 SW)>
DEBUG:root:Initialised Animation Image: <Surface(118x70x32 SW)>
DEBUG:root:Initialised Animation Image: <Surface(118x70x32 SW)>
DEBUG:root:Initialised Animation Image: <Surface(117x70x32 SW)>
DEBUG:root:Initialised Animation Image: <Surface(117x70x32 SW)>
DEBUG:root:Initialised Animation Image: <Surface(117x70x32 SW)>
DEBUG:root:Initialised Animation Image: <Surface(117x70x32 SW)>
DEBUG:root:Initialised Animation Image: <Surface(117x70x32 SW)>
DEBUG:root:Initialised Animation Image: <Surface(138x70x32 SW)>
DEBUG:root:Initialised Animation Image: <Surface(138x70x32 SW)>
DEBUG:root:Initialised Animation Image: <Surface(138x70x32 SW)>
DEBUG:root:Initialised Animation Image: <Surface(138x70x32 SW)>
DEBUG:root:Initialised Animation Image: <Surface(138x70x32 SW)>
DEBUG:root:Initialised Animation Image: <Surface(111x70x32 SW)>
DEBUG:root:Initialised Animation Image: <Surface(111x70x32 SW)>
DEBUG:root:Initialised Animation Image: <Surface(111x70x32 SW)>
DEBUG:root:Initialised Animation Image: <Surface(111x70x32 SW)>
DEBUG:root:Initialised Animation Image: <Surface(111x70x32 SW)>
DEBUG:root:Initialised Animation Image: <Surface(138x70x32 SW)>
DEBUG:root:Initialised Animation Image: <Surface(138x70x32 SW)>
DEBUG:root:Initialised Animation Image: <Surface(138x70x32 SW)>
DEBUG:root:Initialised Animation Image: <Surface(138x70x32 SW)>
DEBUG:root:Initialised Animation Image: <Surface(138x70x32 SW)>
DEBUG:root:Initialised Animation Image: <Surface(119x70x32 SW)>
DEBUG:root:Initialised Animation Image: <Surface(119x70x32 SW)>
DEBUG:root:Initialised Animation Image: <Surface(119x70x32 SW)>
DEBUG:root:Initialised Animation Image: <Surface(119x70x32 SW)>
DEBUG:root:Initialised Animation Image: <Surface(119x70x32 SW)>
DEBUG:root:Animation Images Initialised: 6
DEBUG:root:Initialised Animation Image: <Surface(59x16x32 SW)>
DEBUG:root:Initialised Animation Image: <Surface(59x16x32 SW)>
DEBUG:root:Initialised Animation Image: <Surface(59x16x32 SW)>
DEBUG:root:Initialised Animation Image: <Surface(59x16x32 SW)>
DEBUG:root:Initialised Animation Image: <Surface(59x16x32 SW)>
DEBUG:root:Initialised Animation Image: <Surface(59x16x32 SW)>
DEBUG:root:Animation Images Initialised: 30
DEBUG:root:Initialised Animation Image: <Surface(36x64x32 SW)>
DEBUG:root:Initialised Animation Image: <Surface(36x64x32 SW)>
DEBUG:root:Initialised Animation Image: <Surface(36x64x32 SW)>
DEBUG:root:Initialised Animation Image: <Surface(36x64x32 SW)>
DEBUG:root:Initialised Animation Image: <Surface(36x64x32 SW)>
DEBUG:root:Initialised Animation Image: <Surface(36x64x32 SW)>
DEBUG:root:Initialised Animation Image: <Surface(43x64x32 SW)>
DEBUG:root:Initialised Animation Image: <Surface(43x64x32 SW)>
DEBUG:root:Initialised Animation Image: <Surface(43x64x32 SW)>
DEBUG:root:Initialised Animation Image: <Surface(43x64x32 SW)>
DEBUG:root:Initialised Animation Image: <Surface(43x64x32 SW)>
DEBUG:root:Initialised Animation Image: <Surface(43x64x32 SW)>
DEBUG:root:Initialised Animation Image: <Surface(53x64x32 SW)>
DEBUG:root:Initialised Animation Image: <Surface(53x64x32 SW)>
DEBUG:root:Initialised Animation Image: <Surface(53x64x32 SW)>
DEBUG:root:Initialised Animation Image: <Surface(53x64x32 SW)>
DEBUG:root:Initialised Animation Image: <Surface(53x64x32 SW)>
DEBUG:root:Initialised Animation Image: <Surface(53x64x32 SW)>
DEBUG:root:Initialised Animation Image: <Surface(59x64x32 SW)>
DEBUG:root:Initialised Animation Image: <Surface(59x64x32 SW)>
DEBUG:root:Initialised Animation Image: <Surface(59x64x32 SW)>
DEBUG:root:Initialised Animation Image: <Surface(59x64x32 SW)>
DEBUG:root:Initialised Animation Image: <Surface(59x64x32 SW)>
DEBUG:root:Initialised Animation Image: <Surface(59x64x32 SW)>
DEBUG:root:Initialised Animation Image: <Surface(58x64x32 SW)>
DEBUG:root:Initialised Animation Image: <Surface(58x64x32 SW)>
DEBUG:root:Initialised Animation Image: <Surface(58x64x32 SW)>
DEBUG:root:Initialised Animation Image: <Surface(58x64x32 SW)>
DEBUG:root:Initialised Animation Image: <Surface(58x64x32 SW)>
DEBUG:root:Initialised Animation Image: <Surface(58x64x32 SW)>
DEBUG:root:Animation Images Initialised: 30
DEBUG:root:Initialised Animation Image: <Surface(34x64x32 SW)>
DEBUG:root:Initialised Animation Image: <Surface(34x64x32 SW)>
DEBUG:root:Initialised Animation Image: <Surface(34x64x32 SW)>
DEBUG:root:Initialised Animation Image: <Surface(34x64x32 SW)>
DEBUG:root:Initialised Animation Image: <Surface(34x64x32 SW)>
DEBUG:root:Initialised Animation Image: <Surface(34x64x32 SW)>
DEBUG:root:Initialised Animation Image: <Surface(34x64x32 SW)>
DEBUG:root:Initialised Animation Image: <Surface(34x64x32 SW)>
DEBUG:root:Initialised Animation Image: <Surface(34x64x32 SW)>
DEBUG:root:Initialised Animation Image: <Surface(34x64x32 SW)>
DEBUG:root:Initialised Animation Image: <Surface(37x64x32 SW)>
DEBUG:root:Initialised Animation Image: <Surface(37x64x32 SW)>
DEBUG:root:Initialised Animation Image: <Surface(37x64x32 SW)>
DEBUG:root:Initialised Animation Image: <Surface(37x64x32 SW)>
DEBUG:root:Initialised Animation Image: <Surface(37x64x32 SW)>
DEBUG:root:Initialised Animation Image: <Surface(37x64x32 SW)>
DEBUG:root:Initialised Animation Image: <Surface(37x64x32 SW)>
DEBUG:root:Initialised Animation Image: <Surface(37x64x32 SW)>
DEBUG:root:Initialised Animation Image: <Surface(37x64x32 SW)>
DEBUG:root:Initialised Animation Image: <Surface(37x64x32 SW)>
DEBUG:root:Initialised Animation Image: <Surface(30x64x32 SW)>
DEBUG:root:Initialised Animation Image: <Surface(30x64x32 SW)>
DEBUG:root:Initialised Animation Image: <Surface(30x64x32 SW)>
DEBUG:root:Initialised Animation Image: <Surface(30x64x32 SW)>
DEBUG:root:Initialised Animation Image: <Surface(30x64x32 SW)>
DEBUG:root:Initialised Animation Image: <Surface(30x64x32 SW)>
DEBUG:root:Initialised Animation Image: <Surface(30x64x32 SW)>
DEBUG:root:Initialised Animation Image: <Surface(30x64x32 SW)>
DEBUG:root:Initialised Animation Image: <Surface(30x64x32 SW)>
DEBUG:root:Initialised Animation Image: <Surface(30x64x32 SW)>
DEBUG:root:Animation Images Initialised: 40
DEBUG:root:Initialised Animation Image: <Surface(31x64x32 SW)>
DEBUG:root:Initialised Animation Image: <Surface(31x64x32 SW)>
DEBUG:root:Initialised Animation Image: <Surface(31x64x32 SW)>
DEBUG:root:Initialised Animation Image: <Surface(31x64x32 SW)>
DEBUG:root:Initialised Animation Image: <Surface(31x64x32 SW)>
DEBUG:root:Initialised Animation Image: <Surface(31x64x32 SW)>
DEBUG:root:Initialised Animation Image: <Surface(31x64x32 SW)>
DEBUG:root:Initialised Animation Image: <Surface(31x64x32 SW)>
DEBUG:root:Initialised Animation Image: <Surface(31x64x32 SW)>
DEBUG:root:Initialised Animation Image: <Surface(31x64x32 SW)>
DEBUG:root:Initialised Animation Image: <Surface(36x64x32 SW)>
DEBUG:root:Initialised Animation Image: <Surface(36x64x32 SW)>
DEBUG:root:Initialised Animation Image: <Surface(36x64x32 SW)>
DEBUG:root:Initialised Animation Image: <Surface(36x64x32 SW)>
DEBUG:root:Initialised Animation Image: <Surface(36x64x32 SW)>
DEBUG:root:Initialised Animation Image: <Surface(36x64x32 SW)>
DEBUG:root:Initialised Animation Image: <Surface(36x64x32 SW)>
DEBUG:root:Initialised Animation Image: <Surface(36x64x32 SW)>
DEBUG:root:Initialised Animation Image: <Surface(36x64x32 SW)>
DEBUG:root:Initialised Animation Image: <Surface(36x64x32 SW)>
DEBUG:root:Initialised Animation Image: <Surface(51x64x32 SW)>
DEBUG:root:Initialised Animation Image: <Surface(51x64x32 SW)>
DEBUG:root:Initialised Animation Image: <Surface(51x64x32 SW)>
DEBUG:root:Initialised Animation Image: <Surface(51x64x32 SW)>
DEBUG:root:Initialised Animation Image: <Surface(51x64x32 SW)>
DEBUG:root:Initialised Animation Image: <Surface(51x64x32 SW)>
DEBUG:root:Initialised Animation Image: <Surface(51x64x32 SW)>
DEBUG:root:Initialised Animation Image: <Surface(51x64x32 SW)>
DEBUG:root:Initialised Animation Image: <Surface(51x64x32 SW)>
DEBUG:root:Initialised Animation Image: <Surface(51x64x32 SW)>
DEBUG:root:Initialised Animation Image: <Surface(56x64x32 SW)>
DEBUG:root:Initialised Animation Image: <Surface(56x64x32 SW)>
DEBUG:root:Initialised Animation Image: <Surface(56x64x32 SW)>
DEBUG:root:Initialised Animation Image: <Surface(56x64x32 SW)>
DEBUG:root:Initialised Animation Image: <Surface(56x64x32 SW)>
DEBUG:root:Initialised Animation Image: <Surface(56x64x32 SW)>
DEBUG:root:Initialised Animation Image: <Surface(56x64x32 SW)>
DEBUG:root:Initialised Animation Image: <Surface(56x64x32 SW)>
DEBUG:root:Initialised Animation Image: <Surface(56x64x32 SW)>
DEBUG:root:Initialised Animation Image: <Surface(56x64x32 SW)>
DEBUG:root:Animation Images Initialised: 32
DEBUG:root:Initialised Animation Image: <Surface(38x64x32 SW)>
DEBUG:root:Initialised Animation Image: <Surface(38x64x32 SW)>
DEBUG:root:Initialised Animation Image: <Surface(38x64x32 SW)>
DEBUG:root:Initialised Animation Image: <Surface(38x64x32 SW)>
DEBUG:root:Initialised Animation Image: <Surface(38x64x32 SW)>
DEBUG:root:Initialised Animation Image: <Surface(38x64x32 SW)>
DEBUG:root:Initialised Animation Image: <Surface(38x64x32 SW)>
DEBUG:root:Initialised Animation Image: <Surface(38x64x32 SW)>
DEBUG:root:Initialised Animation Image: <Surface(45x64x32 SW)>
DEBUG:root:Initialised Animation Image: <Surface(45x64x32 SW)>
DEBUG:root:Initialised Animation Image: <Surface(45x64x32 SW)>
DEBUG:root:Initialised Animation Image: <Surface(45x64x32 SW)>
DEBUG:root:Initialised Animation Image: <Surface(45x64x32 SW)>
DEBUG:root:Initialised Animation Image: <Surface(45x64x32 SW)>
DEBUG:root:Initialised Animation Image: <Surface(45x64x32 SW)>
DEBUG:root:Initialised Animation Image: <Surface(45x64x32 SW)>
DEBUG:root:Initialised Animation Image: <Surface(39x64x32 SW)>
DEBUG:root:Initialised Animation Image: <Surface(39x64x32 SW)>
DEBUG:root:Initialised Animation Image: <Surface(39x64x32 SW)>
DEBUG:root:Initialised Animation Image: <Surface(39x64x32 SW)>
DEBUG:root:Initialised Animation Image: <Surface(39x64x32 SW)>
DEBUG:root:Initialised Animation Image: <Surface(39x64x32 SW)>
DEBUG:root:Initialised Animation Image: <Surface(39x64x32 SW)>
DEBUG:root:Initialised Animation Image: <Surface(39x64x32 SW)>
DEBUG:root:Initialised Animation Image: <Surface(46x64x32 SW)>
DEBUG:root:Initialised Animation Image: <Surface(46x64x32 SW)>
DEBUG:root:Initialised Animation Image: <Surface(46x64x32 SW)>
DEBUG:root:Initialised Animation Image: <Surface(46x64x32 SW)>
DEBUG:root:Initialised Animation Image: <Surface(46x64x32 SW)>
DEBUG:root:Initialised Animation Image: <Surface(46x64x32 SW)>
DEBUG:root:Initialised Animation Image: <Surface(46x64x32 SW)>
DEBUG:root:Initialised Animation Image: <Surface(46x64x32 SW)>
DEBUG:root:Animation Images Initialised: 12
DEBUG:root:Initialised Animation Image: <Surface(73x64x32 SW)>
DEBUG:root:Initialised Animation Image: <Surface(73x64x32 SW)>
DEBUG:root:Initialised Animation Image: <Surface(73x64x32 SW)>
DEBUG:root:Initialised Animation Image: <Surface(73x64x32 SW)>
DEBUG:root:Initialised Animation Image: <Surface(73x64x32 SW)>
DEBUG:root:Initialised Animation Image: <Surface(73x64x32 SW)>
DEBUG:root:Initialised Animation Image: <Surface(73x64x32 SW)>
DEBUG:root:Initialised Animation Image: <Surface(73x64x32 SW)>
DEBUG:root:Initialised Animation Image: <Surface(73x64x32 SW)>
DEBUG:root:Initialised Animation Image: <Surface(73x64x32 SW)>
DEBUG:root:Initialised Animation Image: <Surface(73x64x32 SW)>
DEBUG:root:Initialised Animation Image: <Surface(73x64x32 SW)>
DEBUG:root:Animation Images Initialised: 27
DEBUG:root:Initialised Animation Image: <Surface(91x85x32 SW)>
DEBUG:root:Initialised Animation Image: <Surface(91x85x32 SW)>
DEBUG:root:Initialised Animation Image: <Surface(91x85x32 SW)>
DEBUG:root:Initialised Animation Image: <Surface(91x85x32 SW)>
DEBUG:root:Initialised Animation Image: <Surface(91x85x32 SW)>
DEBUG:root:Initialised Animation Image: <Surface(91x85x32 SW)>
DEBUG:root:Initialised Animation Image: <Surface(91x85x32 SW)>
DEBUG:root:Initialised Animation Image: <Surface(91x85x32 SW)>
DEBUG:root:Initialised Animation Image: <Surface(91x85x32 SW)>
DEBUG:root:Initialised Animation Image: <Surface(80x85x32 SW)>
DEBUG:root:Initialised Animation Image: <Surface(80x85x32 SW)>
DEBUG:root:Initialised Animation Image: <Surface(80x85x32 SW)>
DEBUG:root:Initialised Animation Image: <Surface(80x85x32 SW)>
DEBUG:root:Initialised Animation Image: <Surface(80x85x32 SW)>
DEBUG:root:Initialised Animation Image: <Surface(80x85x32 SW)>
DEBUG:root:Initialised Animation Image: <Surface(80x85x32 SW)>
DEBUG:root:Initialised Animation Image: <Surface(80x85x32 SW)>
DEBUG:root:Initialised Animation Image: <Surface(80x85x32 SW)>
DEBUG:root:Initialised Animation Image: <Surface(58x85x32 SW)>
DEBUG:root:Initialised Animation Image: <Surface(58x85x32 SW)>
DEBUG:root:Initialised Animation Image: <Surface(58x85x32 SW)>
DEBUG:root:Initialised Animation Image: <Surface(58x85x32 SW)>
DEBUG:root:Initialised Animation Image: <Surface(58x85x32 SW)>
DEBUG:root:Initialised Animation Image: <Surface(58x85x32 SW)>
DEBUG:root:Initialised Animation Image: <Surface(58x85x32 SW)>
DEBUG:root:Initialised Animation Image: <Surface(58x85x32 SW)>
DEBUG:root:Initialised Animation Image: <Surface(58x85x32 SW)>
DEBUG:root:Animation Images Initialised: 96
DEBUG:root:Initialised Animation Image: <Surface(52x85x32 SW)>
DEBUG:root:Initialised Animation Image: <Surface(52x85x32 SW)>
DEBUG:root:Initialised Animation Image: <Surface(52x85x32 SW)>
DEBUG:root:Initialised Animation Image: <Surface(52x85x32 SW)>
DEBUG:root:Initialised Animation Image: <Surface(52x85x32 SW)>
DEBUG:root:Initialised Animation Image: <Surface(52x85x32 SW)>
DEBUG:root:Initialised Animation Image: <Surface(52x85x32 SW)>
DEBUG:root:Initialised Animation Image: <Surface(52x85x32 SW)>
DEBUG:root:Initialised Animation Image: <Surface(52x85x32 SW)>
DEBUG:root:Initialised Animation Image: <Surface(52x85x32 SW)>
DEBUG:root:Initialised Animation Image: <Surface(52x85x32 SW)>
DEBUG:root:Initialised Animation Image: <Surface(52x85x32 SW)>
DEBUG:root:Initialised Animation Image: <Surface(52x85x32 SW)>
DEBUG:root:Initialised Animation Image: <Surface(52x85x32 SW)>
DEBUG:root:Initialised Animation Image: <Surface(52x85x32 SW)>
DEBUG:root:Initialised Animation Image: <Surface(52x85x32 SW)>
DEBUG:root:Initialised Animation Image: <Surface(48x85x32 SW)>
DEBUG:root:Initialised Animation Image: <Surface(48x85x32 SW)>
DEBUG:root:Initialised Animation Image: <Surface(48x85x32 SW)>
DEBUG:root:Initialised Animation Image: <Surface(48x85x32 SW)>
DEBUG:root:Initialised Animation Image: <Surface(48x85x32 SW)>
DEBUG:root:Initialised Animation Image: <Surface(48x85x32 SW)>
DEBUG:root:Initialised Animation Image: <Surface(48x85x32 SW)>
DEBUG:root:Initialised Animation Image: <Surface(48x85x32 SW)>
DEBUG:root:Initialised Animation Image: <Surface(48x85x32 SW)>
DEBUG:root:Initialised Animation Image: <Surface(48x85x32 SW)>
DEBUG:root:Initialised Animation Image: <Surface(48x85x32 SW)>
DEBUG:root:Initialised Animation Image: <Surface(48x85x32 SW)>
DEBUG:root:Initialised Animation Image: <Surface(48x85x32 SW)>
DEBUG:root:Initialised Animation Image: <Surface(48x85x32 SW)>
DEBUG:root:Initialised Animation Image: <Surface(48x85x32 SW)>
DEBUG:root:Initialised Animation Image: <Surface(48x85x32 SW)>
DEBUG:root:Initialised Animation Image: <Surface(53x85x32 SW)>
DEBUG:root:Initialised Animation Image: <Surface(53x85x32 SW)>
DEBUG:root:Initialised Animation Image: <Surface(53x85x32 SW)>
DEBUG:root:Initialised Animation Image: <Surface(53x85x32 SW)>
DEBUG:root:Initialised Animation Image: <Surface(53x85x32 SW)>
DEBUG:root:Initialised Animation Image: <Surface(53x85x32 SW)>
DEBUG:root:Initialised Animation Image: <Surface(53x85x32 SW)>
DEBUG:root:Initialised Animation Image: <Surface(53x85x32 SW)>
DEBUG:root:Initialised Animation Image: <Surface(53x85x32 SW)>
DEBUG:root:Initialised Animation Image: <Surface(53x85x32 SW)>
DEBUG:root:Initialised Animation Image: <Surface(53x85x32 SW)>
DEBUG:root:Initialised Animation Image: <Surface(53x85x32 SW)>
DEBUG:root:Initialised Animation Image: <Surface(53x85x32 SW)>
DEBUG:root:Initialised Animation Image: <Surface(53x85x32 SW)>
DEBUG:root:Initialised Animation Image: <Surface(53x85x32 SW)>
DEBUG:root:Initialised Animation Image: <Surface(53x85x32 SW)>
DEBUG:root:Initialised Animation Image: <Surface(60x85x32 SW)>
DEBUG:root:Initialised Animation Image: <Surface(60x85x32 SW)>
DEBUG:root:Initialised Animation Image: <Surface(60x85x32 SW)>
DEBUG:root:Initialised Animation Image: <Surface(60x85x32 SW)>
DEBUG:root:Initialised Animation Image: <Surface(60x85x32 SW)>
DEBUG:root:Initialised Animation Image: <Surface(60x85x32 SW)>
DEBUG:root:Initialised Animation Image: <Surface(60x85x32 SW)>
DEBUG:root:Initialised Animation Image: <Surface(60x85x32 SW)>
DEBUG:root:Initialised Animation Image: <Surface(60x85x32 SW)>
DEBUG:root:Initialised Animation Image: <Surface(60x85x32 SW)>
DEBUG:root:Initialised Animation Image: <Surface(60x85x32 SW)>
DEBUG:root:Initialised Animation Image: <Surface(60x85x32 SW)>
DEBUG:root:Initialised Animation Image: <Surface(60x85x32 SW)>
DEBUG:root:Initialised Animation Image: <Surface(60x85x32 SW)>
DEBUG:root:Initialised Animation Image: <Surface(60x85x32 SW)>
DEBUG:root:Initialised Animation Image: <Surface(60x85x32 SW)>
DEBUG:root:Initialised Animation Image: <Surface(97x85x32 SW)>
DEBUG:root:Initialised Animation Image: <Surface(97x85x32 SW)>
DEBUG:root:Initialised Animation Image: <Surface(97x85x32 SW)>
DEBUG:root:Initialised Animation Image: <Surface(97x85x32 SW)>
DEBUG:root:Initialised Animation Image: <Surface(97x85x32 SW)>
DEBUG:root:Initialised Animation Image: <Surface(97x85x32 SW)>
DEBUG:root:Initialised Animation Image: <Surface(97x85x32 SW)>
DEBUG:root:Initialised Animation Image: <Surface(97x85x32 SW)>
DEBUG:root:Initialised Animation Image: <Surface(97x85x32 SW)>
DEBUG:root:Initialised Animation Image: <Surface(97x85x32 SW)>
DEBUG:root:Initialised Animation Image: <Surface(97x85x32 SW)>
DEBUG:root:Initialised Animation Image: <Surface(97x85x32 SW)>
DEBUG:root:Initialised Animation Image: <Surface(97x85x32 SW)>
DEBUG:root:Initialised Animation Image: <Surface(97x85x32 SW)>
DEBUG:root:Initialised Animation Image: <Surface(97x85x32 SW)>
DEBUG:root:Initialised Animation Image: <Surface(97x85x32 SW)>
DEBUG:root:Initialised Animation Image: <Surface(95x85x32 SW)>
DEBUG:root:Initialised Animation Image: <Surface(95x85x32 SW)>
DEBUG:root:Initialised Animation Image: <Surface(95x85x32 SW)>
DEBUG:root:Initialised Animation Image: <Surface(95x85x32 SW)>
DEBUG:root:Initialised Animation Image: <Surface(95x85x32 SW)>
DEBUG:root:Initialised Animation Image: <Surface(95x85x32 SW)>
DEBUG:root:Initialised Animation Image: <Surface(95x85x32 SW)>
DEBUG:root:Initialised Animation Image: <Surface(95x85x32 SW)>
DEBUG:root:Initialised Animation Image: <Surface(95x85x32 SW)>
DEBUG:root:Initialised Animation Image: <Surface(95x85x32 SW)>
DEBUG:root:Initialised Animation Image: <Surface(95x85x32 SW)>
DEBUG:root:Initialised Animation Image: <Surface(95x85x32 SW)>
DEBUG:root:Initialised Animation Image: <Surface(95x85x32 SW)>
DEBUG:root:Initialised Animation Image: <Surface(95x85x32 SW)>
DEBUG:root:Initialised Animation Image: <Surface(95x85x32 SW)>
DEBUG:root:Initialised Animation Image: <Surface(95x85x32 SW)>
DEBUG:root:Animation Images Initialised: 84
DEBUG:root:Initialised Animation Image: <Surface(63x85x32 SW)>
DEBUG:root:Initialised Animation Image: <Surface(63x85x32 SW)>
DEBUG:root:Initialised Animation Image: <Surface(63x85x32 SW)>
DEBUG:root:Initialised Animation Image: <Surface(63x85x32 SW)>
DEBUG:root:Initialised Animation Image: <Surface(63x85x32 SW)>
DEBUG:root:Initialised Animation Image: <Surface(63x85x32 SW)>
DEBUG:root:Initialised Animation Image: <Surface(63x85x32 SW)>
DEBUG:root:Initialised Animation Image: <Surface(63x85x32 SW)>
DEBUG:root:Initialised Animation Image: <Surface(63x85x32 SW)>
DEBUG:root:Initialised Animation Image: <Surface(63x85x32 SW)>
DEBUG:root:Initialised Animation Image: <Surface(63x85x32 SW)>
DEBUG:root:Initialised Animation Image: <Surface(63x85x32 SW)>
DEBUG:root:Initialised Animation Image: <Surface(58x85x32 SW)>
DEBUG:root:Initialised Animation Image: <Surface(58x85x32 SW)>
DEBUG:root:Initialised Animation Image: <Surface(58x85x32 SW)>
DEBUG:root:Initialised Animation Image: <Surface(58x85x32 SW)>
DEBUG:root:Initialised Animation Image: <Surface(58x85x32 SW)>
DEBUG:root:Initialised Animation Image: <Surface(58x85x32 SW)>
DEBUG:root:Initialised Animation Image: <Surface(58x85x32 SW)>
DEBUG:root:Initialised Animation Image: <Surface(58x85x32 SW)>
DEBUG:root:Initialised Animation Image: <Surface(58x85x32 SW)>
DEBUG:root:Initialised Animation Image: <Surface(58x85x32 SW)>
DEBUG:root:Initialised Animation Image: <Surface(58x85x32 SW)>
DEBUG:root:Initialised Animation Image: <Surface(58x85x32 SW)>
DEBUG:root:Initialised Animation Image: <Surface(71x85x32 SW)>
DEBUG:root:Initialised Animation Image: <Surface(71x85x32 SW)>
DEBUG:root:Initialised Animation Image: <Surface(71x85x32 SW)>
DEBUG:root:Initialised Animation Image: <Surface(71x85x32 SW)>
DEBUG:root:Initialised Animation Image: <Surface(71x85x32 SW)>
DEBUG:root:Initialised Animation Image: <Surface(71x85x32 SW)>
DEBUG:root:Initialised Animation Image: <Surface(71x85x32 SW)>
DEBUG:root:Initialised Animation Image: <Surface(71x85x32 SW)>
DEBUG:root:Initialised Animation Image: <Surface(71x85x32 SW)>
DEBUG:root:Initialised Animation Image: <Surface(71x85x32 SW)>
DEBUG:root:Initialised Animation Image: <Surface(71x85x32 SW)>
DEBUG:root:Initialised Animation Image: <Surface(71x85x32 SW)>
DEBUG:root:Initialised Animation Image: <Surface(71x85x32 SW)>
DEBUG:root:Initialised Animation Image: <Surface(71x85x32 SW)>
DEBUG:root:Initialised Animation Image: <Surface(71x85x32 SW)>
DEBUG:root:Initialised Animation Image: <Surface(71x85x32 SW)>
DEBUG:root:Initialised Animation Image: <Surface(71x85x32 SW)>
DEBUG:root:Initialised Animation Image: <Surface(71x85x32 SW)>
DEBUG:root:Initialised Animation Image: <Surface(71x85x32 SW)>
DEBUG:root:Initialised Animation Image: <Surface(71x85x32 SW)>
DEBUG:root:Initialised Animation Image: <Surface(71x85x32 SW)>
DEBUG:root:Initialised Animation Image: <Surface(71x85x32 SW)>
DEBUG:root:Initialised Animation Image: <Surface(71x85x32 SW)>
DEBUG:root:Initialised Animation Image: <Surface(71x85x32 SW)>
DEBUG:root:Initialised Animation Image: <Surface(69x85x32 SW)>
DEBUG:root:Initialised Animation Image: <Surface(69x85x32 SW)>
DEBUG:root:Initialised Animation Image: <Surface(69x85x32 SW)>
DEBUG:root:Initialised Animation Image: <Surface(69x85x32 SW)>
DEBUG:root:Initialised Animation Image: <Surface(69x85x32 SW)>
DEBUG:root:Initialised Animation Image: <Surface(69x85x32 SW)>
DEBUG:root:Initialised Animation Image: <Surface(69x85x32 SW)>
DEBUG:root:Initialised Animation Image: <Surface(69x85x32 SW)>
DEBUG:root:Initialised Animation Image: <Surface(69x85x32 SW)>
DEBUG:root:Initialised Animation Image: <Surface(69x85x32 SW)>
DEBUG:root:Initialised Animation Image: <Surface(69x85x32 SW)>
DEBUG:root:Initialised Animation Image: <Surface(69x85x32 SW)>
DEBUG:root:Initialised Animation Image: <Surface(73x85x32 SW)>
DEBUG:root:Initialised Animation Image: <Surface(73x85x32 SW)>
DEBUG:root:Initialised Animation Image: <Surface(73x85x32 SW)>
DEBUG:root:Initialised Animation Image: <Surface(73x85x32 SW)>
DEBUG:root:Initialised Animation Image: <Surface(73x85x32 SW)>
DEBUG:root:Initialised Animation Image: <Surface(73x85x32 SW)>
DEBUG:root:Initialised Animation Image: <Surface(73x85x32 SW)>
DEBUG:root:Initialised Animation Image: <Surface(73x85x32 SW)>
DEBUG:root:Initialised Animation Image: <Surface(73x85x32 SW)>
DEBUG:root:Initialised Animation Image: <Surface(73x85x32 SW)>
DEBUG:root:Initialised Animation Image: <Surface(73x85x32 SW)>
DEBUG:root:Initialised Animation Image: <Surface(73x85x32 SW)>
DEBUG:root:Initialised Animation Image: <Surface(72x85x32 SW)>
DEBUG:root:Initialised Animation Image: <Surface(72x85x32 SW)>
DEBUG:root:Initialised Animation Image: <Surface(72x85x32 SW)>
DEBUG:root:Initialised Animation Image: <Surface(72x85x32 SW)>
DEBUG:root:Initialised Animation Image: <Surface(72x85x32 SW)>
DEBUG:root:Initialised Animation Image: <Surface(72x85x32 SW)>
DEBUG:root:Initialised Animation Image: <Surface(72x85x32 SW)>
DEBUG:root:Initialised Animation Image: <Surface(72x85x32 SW)>
DEBUG:root:Initialised Animation Image: <Surface(72x85x32 SW)>
DEBUG:root:Initialised Animation Image: <Surface(72x85x32 SW)>
DEBUG:root:Initialised Animation Image: <Surface(72x85x32 SW)>
DEBUG:root:Initialised Animation Image: <Surface(72x85x32 SW)>
DEBUG:root:Animation Images Initialised: 15
DEBUG:root:Initialised Animation Image: <Surface(37x65x32 SW)>
DEBUG:root:Initialised Animation Image: <Surface(37x65x32 SW)>
DEBUG:root:Initialised Animation Image: <Surface(37x65x32 SW)>
DEBUG:root:Initialised Animation Image: <Surface(41x65x32 SW)>
DEBUG:root:Initialised Animation Image: <Surface(41x65x32 SW)>
DEBUG:root:Initialised Animation Image: <Surface(41x65x32 SW)>
DEBUG:root:Initialised Animation Image: <Surface(42x65x32 SW)>
DEBUG:root:Initialised Animation Image: <Surface(42x65x32 SW)>
DEBUG:root:Initialised Animation Image: <Surface(42x65x32 SW)>
DEBUG:root:Initialised Animation Image: <Surface(45x65x32 SW)>
DEBUG:root:Initialised Animation Image: <Surface(45x65x32 SW)>
DEBUG:root:Initialised Animation Image: <Surface(45x65x32 SW)>
DEBUG:root:Initialised Animation Image: <Surface(33x65x32 SW)>
DEBUG:root:Initialised Animation Image: <Surface(33x65x32 SW)>
DEBUG:root:Initialised Animation Image: <Surface(33x65x32 SW)>
DEBUG:root:Animation Images Initialised: 30
DEBUG:root:Initialised Animation Image: <Surface(44x30x32 SW)>
DEBUG:root:Initialised Animation Image: <Surface(44x30x32 SW)>
DEBUG:root:Initialised Animation Image: <Surface(44x30x32 SW)>
DEBUG:root:Initialised Animation Image: <Surface(44x30x32 SW)>
DEBUG:root:Initialised Animation Image: <Surface(44x30x32 SW)>
DEBUG:root:Initialised Animation Image: <Surface(44x30x32 SW)>
DEBUG:root:Initialised Animation Image: <Surface(44x30x32 SW)>
DEBUG:root:Initialised Animation Image: <Surface(44x30x32 SW)>
DEBUG:root:Initialised Animation Image: <Surface(44x30x32 SW)>
DEBUG:root:Initialised Animation Image: <Surface(44x30x32 SW)>
DEBUG:root:Initialised Animation Image: <Surface(44x30x32 SW)>
DEBUG:root:Initialised Animation Image: <Surface(44x30x32 SW)>
DEBUG:root:Initialised Animation Image: <Surface(44x32x32 SW)>
DEBUG:root:Initialised Animation Image: <Surface(44x32x32 SW)>
DEBUG:root:Initialised Animation Image: <Surface(44x32x32 SW)>
DEBUG:root:Initialised Animation Image: <Surface(44x32x32 SW)>
DEBUG:root:Initialised Animation Image: <Surface(44x32x32 SW)>
DEBUG:root:Initialised Animation Image: <Surface(44x32x32 SW)>
DEBUG:root:Initialised Animation Image: <Surface(44x35x32 SW)>
DEBUG:root:Initialised Animation Image: <Surface(44x35x32 SW)>
DEBUG:root:Initialised Animation Image: <Surface(44x35x32 SW)>
DEBUG:root:Initialised Animation Image: <Surface(44x35x32 SW)>
DEBUG:root:Initialised Animation Image: <Surface(44x35x32 SW)>
DEBUG:root:Initialised Animation Image: <Surface(44x35x32 SW)>
DEBUG:root:Initialised Animation Image: <Surface(44x26x32 SW)>
DEBUG:root:Initialised Animation Image: <Surface(44x26x32 SW)>
DEBUG:root:Initialised Animation Image: <Surface(44x26x32 SW)>
DEBUG:root:Initialised Animation Image: <Surface(44x26x32 SW)>
DEBUG:root:Initialised Animation Image: <Surface(44x26x32 SW)>
DEBUG:root:Initialised Animation Image: <Surface(44x26x32 SW)>
DEBUG:root:Sergeant Shoot Animation Images Initialised: 44
DEBUG:root:Initialised Sergeant Shoot Animation Image: <Surface(73x64x32 SW)>
DEBUG:root:Initialised Sergeant Shoot Animation Image: <Surface(73x64x32 SW)>
DEBUG:root:Initialised Sergeant Shoot Animation Image: <Surface(73x64x32 SW)>
DEBUG:root:Initialised Sergeant Shoot Animation Image: <Surface(73x64x32 SW)>
DEBUG:root:Initialised Sergeant Shoot Animation Image: <Surface(73x64x32 SW)>
DEBUG:root:Initialised Sergeant Shoot Animation Image: <Surface(73x64x32 SW)>
DEBUG:root:Initialised Sergeant Shoot Animation Image: <Surface(73x64x32 SW)>
DEBUG:root:Initialised Sergeant Shoot Animation Image: <Surface(73x64x32 SW)>
DEBUG:root:Initialised Sergeant Shoot Animation Image: <Surface(73x64x32 SW)>
DEBUG:root:Initialised Sergeant Shoot Animation Image: <Surface(73x64x32 SW)>
DEBUG:root:Initialised Sergeant Shoot Animation Image: <Surface(73x64x32 SW)>
DEBUG:root:Initialised Sergeant Shoot Animation Image: <Surface(73x64x32 SW)>
DEBUG:root:Initialised Sergeant Shoot Animation Image: <Surface(73x64x32 SW)>
DEBUG:root:Initialised Sergeant Shoot Animation Image: <Surface(73x64x32 SW)>
DEBUG:root:Initialised Sergeant Shoot Animation Image: <Surface(73x64x32 SW)>
DEBUG:root:Initialised Sergeant Shoot Animation Image: <Surface(73x64x32 SW)>
DEBUG:root:Initialised Sergeant Shoot Animation Image: <Surface(73x64x32 SW)>
DEBUG:root:Initialised Sergeant Shoot Animation Image: <Surface(73x64x32 SW)>
DEBUG:root:Initialised Sergeant Shoot Animation Image: <Surface(73x64x32 SW)>
DEBUG:root:Initialised Sergeant Shoot Animation Image: <Surface(73x64x32 SW)>
DEBUG:root:Initialised Sergeant Shoot Animation Image: <Surface(73x64x32 SW)>
DEBUG:root:Initialised Sergeant Shoot Animation Image: <Surface(73x64x32 SW)>
DEBUG:root:Initialised Sergeant Shoot Animation Image: <Surface(73x64x32 SW)>
DEBUG:root:Initialised Sergeant Shoot Animation Image: <Surface(73x64x32 SW)>
DEBUG:root:Initialised Sergeant Shoot Animation Image: <Surface(73x64x32 SW)>
DEBUG:root:Initialised Sergeant Shoot Animation Image: <Surface(73x64x32 SW)>
DEBUG:root:Initialised Sergeant Shoot Animation Image: <Surface(73x64x32 SW)>
DEBUG:root:Initialised Sergeant Shoot Animation Image: <Surface(73x64x32 SW)>
DEBUG:root:Initialised Sergeant Shoot Animation Image: <Surface(73x64x32 SW)>
DEBUG:root:Initialised Sergeant Shoot Animation Image: <Surface(73x64x32 SW)>
DEBUG:root:Initialised Sergeant Shoot Animation Image: <Surface(73x64x32 SW)>
DEBUG:root:Initialised Sergeant Shoot Animation Image: <Surface(73x64x32 SW)>
DEBUG:root:Initialised Sergeant Shoot Animation Image: <Surface(73x64x32 SW)>
DEBUG:root:Initialised Sergeant Shoot Animation Image: <Surface(73x64x32 SW)>
DEBUG:root:Initialised Sergeant Shoot Animation Image: <Surface(73x64x32 SW)>
DEBUG:root:Initialised Sergeant Shoot Animation Image: <Surface(73x64x32 SW)>
DEBUG:root:Initialised Sergeant Shoot Animation Image: <Surface(73x64x32 SW)>
DEBUG:root:Initialised Sergeant Shoot Animation Image: <Surface(73x64x32 SW)>
DEBUG:root:Initialised Sergeant Shoot Animation Image: <Surface(73x64x32 SW)>
DEBUG:root:Initialised Sergeant Shoot Animation Image: <Surface(73x64x32 SW)>
DEBUG:root:Initialised Sergeant Shoot Animation Image: <Surface(73x64x32 SW)>
DEBUG:root:Initialised Sergeant Shoot Animation Image: <Surface(73x64x32 SW)>
DEBUG:root:Initialised Sergeant Shoot Animation Image: <Surface(73x64x32 SW)>
DEBUG:root:Initialised Sergeant Shoot Animation Image: <Surface(73x64x32 SW)>
DEBUG:root:Animation Images Initialised: 40
DEBUG:root:Initialised Animation Image: <Surface(36x64x32 SW)>
DEBUG:root:Initialised Animation Image: <Surface(36x64x32 SW)>
DEBUG:root:Initialised Animation Image: <Surface(36x64x32 SW)>
DEBUG:root:Initialised Animation Image: <Surface(36x64x32 SW)>
DEBUG:root:Initialised Animation Image: <Surface(36x64x32 SW)>
DEBUG:root:Initialised Animation Image: <Surface(36x64x32 SW)>
DEBUG:root:Initialised Animation Image: <Surface(36x64x32 SW)>
DEBUG:root:Initialised Animation Image: <Surface(36x64x32 SW)>
DEBUG:root:Initialised Animation Image: <Surface(35x64x32 SW)>
DEBUG:root:Initialised Animation Image: <Surface(35x64x32 SW)>
DEBUG:root:Initialised Animation Image: <Surface(35x64x32 SW)>
DEBUG:root:Initialised Animation Image: <Surface(35x64x32 SW)>
DEBUG:root:Initialised Animation Image: <Surface(35x64x32 SW)>
DEBUG:root:Initialised Animation Image: <Surface(35x64x32 SW)>
DEBUG:root:Initialised Animation Image: <Surface(35x64x32 SW)>
DEBUG:root:Initialised Animation Image: <Surface(35x64x32 SW)>
DEBUG:root:Initialised Animation Image: <Surface(59x64x32 SW)>
DEBUG:root:Initialised Animation Image: <Surface(59x64x32 SW)>
DEBUG:root:Initialised Animation Image: <Surface(59x64x32 SW)>
DEBUG:root:Initialised Animation Image: <Surface(59x64x32 SW)>
DEBUG:root:Initialised Animation Image: <Surface(59x64x32 SW)>
DEBUG:root:Initialised Animation Image: <Surface(59x64x32 SW)>
DEBUG:root:Initialised Animation Image: <Surface(59x64x32 SW)>
DEBUG:root:Initialised Animation Image: <Surface(59x64x32 SW)>
DEBUG:root:Initialised Animation Image: <Surface(66x64x32 SW)>
DEBUG:root:Initialised Animation Image: <Surface(66x64x32 SW)>
DEBUG:root:Initialised Animation Image: <Surface(66x64x32 SW)>
DEBUG:root:Initialised Animation Image: <Surface(66x64x32 SW)>
DEBUG:root:Initialised Animation Image: <Surface(66x64x32 SW)>
DEBUG:root:Initialised Animation Image: <Surface(66x64x32 SW)>
DEBUG:root:Initialised Animation Image: <Surface(66x64x32 SW)>
DEBUG:root:Initialised Animation Image: <Surface(66x64x32 SW)>
DEBUG:root:Initialised Animation Image: <Surface(62x64x32 SW)>
DEBUG:root:Initialised Animation Image: <Surface(62x64x32 SW)>
DEBUG:root:Initialised Animation Image: <Surface(62x64x32 SW)>
DEBUG:root:Initialised Animation Image: <Surface(62x64x32 SW)>
DEBUG:root:Initialised Animation Image: <Surface(62x64x32 SW)>
DEBUG:root:Initialised Animation Image: <Surface(62x64x32 SW)>
DEBUG:root:Initialised Animation Image: <Surface(62x64x32 SW)>
DEBUG:root:Initialised Animation Image: <Surface(62x64x32 SW)>
