INFO:root:Initialising Game...
DEBUG:root:Settings Loaded:
Terms Accepted: True
Volume: <configparser.RawConfigParser object at 0x0BB0F748>
DEBUG:root:Ad Files Initialised: 5
DEBUG:root:Initialised Ad File: koponen_talk_bc2.png
DEBUG:root:Initialised Ad File: koponen_talk_bc3.png
DEBUG:root:Initialised Ad File: koponen_talk_bc1.png
DEBUG:root:Initialised Ad File: koponen_talk_bc0.png
DEBUG:root:Initialised Ad File: koponen_talk_bc4.png
DEBUG:root:Music Files Initialised: 3
DEBUG:root:Initialised Music File: gamemusic3.wav
DEBUG:root:Initialised Music File: gamemusic2.wav
DEBUG:root:Initialised Music File: gamemusic1.wav
INFO:root:Press F4 to commit suicide
DEBUG:root:Items Initialised: 33
DEBUG:root:Initialised Item: (ID)coffeemug
DEBUG:root:Initialised Item: (ID)coffeemug
DEBUG:root:Initialised Item: (ID)gasburner
DEBUG:root:Initialised Item: (ID)gasburner
DEBUG:root:Initialised Item: (ID)gasburner
DEBUG:root:Initialised Item: (ID)gasburner
DEBUG:root:Initialised Item: (ID)gasburner
DEBUG:root:Initialised Item: (ID)gasburner
DEBUG:root:Initialised Item: (ID)gasburner
DEBUG:root:Initialised Item: (ID)gasburner
DEBUG:root:Initialised Item: (ID)gasburner
DEBUG:root:Initialised Item: (ID)gasburner
DEBUG:root:Initialised Item: (ID)gasburner
DEBUG:root:Initialised Item: (ID)gasburner
DEBUG:root:Initialised Item: (ID)gasburner
DEBUG:root:Initialised Item: (ID)gasburner
DEBUG:root:Initialised Item: (ID)gasburner
DEBUG:root:Initialised Item: (ID)gasburner
DEBUG:root:Initialised Item: (ID)gasburner
DEBUG:root:Initialised Item: (ID)gasburner
DEBUG:root:Initialised Item: (ID)gasburner
DEBUG:root:Initialised Item: (ID)gasburner
DEBUG:root:Initialised Item: (ID)gasburner
DEBUG:root:Initialised Item: (ID)gasburner
DEBUG:root:Initialised Item: (ID)gasburner
DEBUG:root:Initialised Item: (ID)gasburner
DEBUG:root:Initialised Item: (ID)red_key
DEBUG:root:Initialised Item: (ID)green_key
DEBUG:root:Initialised Item: (ID)blue_key
DEBUG:root:Initialised Item: (ID)ss_bonuscard
DEBUG:root:Initialised Item: (ID)gasburner
DEBUG:root:Initialised Item: (ID)knife
DEBUG:root:Initialised Item: (ID)knife
